<?xml version="1.0" encoding="UTF-8"?>

<!-- 
 * junit.xml
 *
 * Copyright (C) 2017 Universidad de Sevilla
 * 
 * The use of this project is hereby constrained to the conditions of the 
 * TDG Licence, a copy of which you may download from 
 * http://www.tdg-seville.info/License.html
 -->

<beans xmlns:xsi="http://www.w3.org/2001/XMLSchema-instance"
       xmlns="http://www.springframework.org/schema/beans"
       xsi:schemaLocation="http://www.springframework.org/schema/beans http://www.springframework.org/schema/beans/spring-beans-4.0.xsd">

    <import resource="datasource.xml"/>
    <import resource="config/packages.xml"/>

    <bean id="validator"
          class="org.springframework.validation.beanvalidation.LocalValidatorFactoryBean">
    </bean>

</beans>